This is pdfTeX, Version 3.14159265-2.6-1.40.17 (TeX Live 2016) (preloaded format=pdflatex 2017.1.19)  24 JAN 2017 23:53
entering extended mode
 restricted \write18 enabled.
 %&-line parsing enabled.
**principal.tex
(./principal.tex
LaTeX2e <2016/03/31>
Babel <3.9r> and hyphenation patterns for 83 language(s) loaded.
(/usr/local/texlive/2016/texmf-dist/tex/latex/base/book.cls
Document Class: book 2014/09/29 v1.4h Standard LaTeX document class
(/usr/local/texlive/2016/texmf-dist/tex/latex/base/bk12.clo
File: bk12.clo 2014/09/29 v1.4h Standard LaTeX file (size option)
)
\c@part=\count79
\c@chapter=\count80
\c@section=\count81
\c@subsection=\count82
\c@subsubsection=\count83
\c@paragraph=\count84
\c@subparagraph=\count85
\c@figure=\count86
\c@table=\count87
\abovecaptionskip=\skip41
\belowcaptionskip=\skip42
\bibindent=\dimen102
)
(/usr/local/texlive/2016/texmf-dist/tex/latex/amsfonts/amssymb.sty
Package: amssymb 2013/01/14 v3.01 AMS font symbols

(/usr/local/texlive/2016/texmf-dist/tex/latex/amsfonts/amsfonts.sty
Package: amsfonts 2013/01/14 v3.01 Basic AMSFonts support
\@emptytoks=\toks14
\symAMSa=\mathgroup4
\symAMSb=\mathgroup5
LaTeX Font Info:    Overwriting math alphabet `\mathfrak' in version `bold'
(Font)                  U/euf/m/n --> U/euf/b/n on input line 106.
))
(/usr/local/texlive/2016/texmf-dist/tex/latex/float/float.sty
Package: float 2001/11/08 v1.3d Float enhancements (AL)
\c@float@type=\count88
\float@exts=\toks15
\float@box=\box26
\@float@everytoks=\toks16
\@floatcapt=\box27
)
(/usr/local/texlive/2016/texmf-dist/tex/latex/graphics/lscape.sty
Package: lscape 2000/10/22 v3.01 Landscape Pages (DPC)

(/usr/local/texlive/2016/texmf-dist/tex/latex/graphics/graphics.sty
Package: graphics 2016/05/09 v1.0r Standard LaTeX Graphics (DPC,SPQR)

(/usr/local/texlive/2016/texmf-dist/tex/latex/graphics/trig.sty
Package: trig 2016/01/03 v1.10 sin cos tan (DPC)
)
(/usr/local/texlive/2016/texmf-dist/tex/latex/graphics-cfg/graphics.cfg
File: graphics.cfg 2016/01/02 v1.10 sample graphics configuration
)
Package graphics Info: Driver file: pdftex.def on input line 96.

(/usr/local/texlive/2016/texmf-dist/tex/latex/pdftex-def/pdftex.def
File: pdftex.def 2011/05/27 v0.06d Graphics/color for pdfTeX

(/usr/local/texlive/2016/texmf-dist/tex/generic/oberdiek/infwarerr.sty
Package: infwarerr 2016/05/16 v1.4 Providing info/warning/error messages (HO)
)
(/usr/local/texlive/2016/texmf-dist/tex/generic/oberdiek/ltxcmds.sty
Package: ltxcmds 2016/05/16 v1.23 LaTeX kernel commands for general use (HO)
)
\Gread@gobject=\count89
)))
(/usr/local/texlive/2016/texmf-dist/tex/latex/base/inputenc.sty
Package: inputenc 2015/03/17 v1.2c Input encoding file
\inpenc@prehook=\toks17
\inpenc@posthook=\toks18

(/usr/local/texlive/2016/texmf-dist/tex/latex/base/latin1.def
File: latin1.def 2015/03/17 v1.2c Input encoding file
))
(/usr/local/texlive/2016/texmf-dist/tex/latex/ae/ae.sty
Package: ae 2001/02/12 1.3 Almost European Computer Modern

(/usr/local/texlive/2016/texmf-dist/tex/latex/base/fontenc.sty
Package: fontenc 2005/09/27 v1.99g Standard LaTeX package

(/usr/local/texlive/2016/texmf-dist/tex/latex/base/t1enc.def
File: t1enc.def 2005/09/27 v1.99g Standard LaTeX file
LaTeX Font Info:    Redeclaring font encoding T1 on input line 48.
)
LaTeX Font Info:    Try loading font information for T1+aer on input line 105.

(/usr/local/texlive/2016/texmf-dist/tex/latex/ae/t1aer.fd
File: t1aer.fd 1997/11/16 Font definitions for T1/aer.
)))
(/usr/local/texlive/2016/texmf-dist/tex/latex/pslatex/pslatex.sty
Package: pslatex 1996/07/24 v1.2 pslatex emulation (DPC)
LaTeX Font Info:    Redeclaring symbol font `operators' on input line 65.
LaTeX Font Info:    Overwriting symbol font `operators' in version `normal'
(Font)                  OT1/cmr/m/n --> OT1/ptmcm/m/n on input line 65.
LaTeX Font Info:    Overwriting symbol font `operators' in version `bold'
(Font)                  OT1/cmr/bx/n --> OT1/ptmcm/m/n on input line 65.
LaTeX Font Info:    Redeclaring symbol font `letters' on input line 66.
LaTeX Font Info:    Overwriting symbol font `letters' in version `normal'
(Font)                  OML/cmm/m/it --> OML/ptmcm/m/it on input line 66.
LaTeX Font Info:    Overwriting symbol font `letters' in version `bold'
(Font)                  OML/cmm/b/it --> OML/ptmcm/m/it on input line 66.
LaTeX Font Info:    Redeclaring symbol font `symbols' on input line 67.
LaTeX Font Info:    Overwriting symbol font `symbols' in version `normal'
(Font)                  OMS/cmsy/m/n --> OMS/pzccm/m/n on input line 67.
LaTeX Font Info:    Overwriting symbol font `symbols' in version `bold'
(Font)                  OMS/cmsy/b/n --> OMS/pzccm/m/n on input line 67.
LaTeX Font Info:    Redeclaring symbol font `largesymbols' on input line 68.
LaTeX Font Info:    Overwriting symbol font `largesymbols' in version `normal'
(Font)                  OMX/cmex/m/n --> OMX/psycm/m/n on input line 68.
LaTeX Font Info:    Overwriting symbol font `largesymbols' in version `bold'
(Font)                  OMX/cmex/m/n --> OMX/psycm/m/n on input line 68.
\symbold=\mathgroup6
\symitalic=\mathgroup7
LaTeX Font Info:    Redeclaring math alphabet \mathbf on input line 74.
LaTeX Font Info:    Overwriting math alphabet `\mathbf' in version `normal'
(Font)                  OT1/cmr/bx/n --> OT1/ptm/bx/n on input line 74.
LaTeX Font Info:    Overwriting math alphabet `\mathbf' in version `bold'
(Font)                  OT1/cmr/bx/n --> OT1/ptm/bx/n on input line 74.
LaTeX Font Info:    Redeclaring math alphabet \mathit on input line 75.
LaTeX Font Info:    Overwriting math alphabet `\mathit' in version `normal'
(Font)                  OT1/cmr/m/it --> OT1/ptm/m/it on input line 75.
LaTeX Font Info:    Overwriting math alphabet `\mathit' in version `bold'
(Font)                  OT1/cmr/bx/it --> OT1/ptm/m/it on input line 75.
)
(/usr/local/texlive/2016/texmf-dist/tex/generic/babel/babel.sty
Package: babel 2016/04/23 3.9r The Babel package

(/usr/local/texlive/2016/texmf-dist/tex/generic/babel-portuges/portuges.ldf
Language: portuges 2008/03/18 v1.2q Portuguese support from the babel system

(/usr/local/texlive/2016/texmf-dist/tex/generic/babel/babel.def
File: babel.def 2016/04/23 3.9r Babel common definitions
\babel@savecnt=\count90
\U@D=\dimen103
)
Package babel Info: Making " an active character on input line 145.
)
(/usr/local/texlive/2016/texmf-dist/tex/generic/babel-portuges/portuges.ldf
Language: portuges 2008/03/18 v1.2q Portuguese support from the babel system
\l@brazil = a dialect from \language\l@portuges 
))
(/usr/local/texlive/2016/texmf-dist/tex/latex/tools/indentfirst.sty
Package: indentfirst 1995/11/23 v1.03 Indent first paragraph (DPC)
)
(/usr/local/texlive/2016/texmf-dist/tex/latex/graphics/graphicx.sty
Package: graphicx 2014/10/28 v1.0g Enhanced LaTeX Graphics (DPC,SPQR)

(/usr/local/texlive/2016/texmf-dist/tex/latex/graphics/keyval.sty
Package: keyval 2014/10/28 v1.15 key=value parser (DPC)
\KV@toks@=\toks19
)
\Gin@req@height=\dimen104
\Gin@req@width=\dimen105
)
(/usr/local/texlive/2016/texmf-dist/tex/latex/nomencl/nomencl.sty
Package: nomencl 2005/09/22 v4.2 Nomenclature package (LN)
\nomlabelwidth=\dimen106
\nom@tempdim=\dimen107
\nomitemsep=\skip43
)
(./makeglo.sty
Package: makeglo 
 (/usr/local/texlive/2016/texmf-dist/tex/latex/base/ifthen.sty
Package: ifthen 2014/09/29 v1.1c Standard LaTeX ifthen package (DPC)
)
\glossentrylen=\skip44
)
(/usr/local/texlive/2016/texmf-dist/tex/latex/setspace/setspace.sty
Package: setspace 2011/12/19 v6.7a set line spacing
)
(/usr/local/texlive/2016/texmf-dist/tex/latex/amsmath/amsmath.sty
Package: amsmath 2016/03/10 v2.15b AMS math features
\@mathmargin=\skip45

For additional information on amsmath, use the `?' option.
(/usr/local/texlive/2016/texmf-dist/tex/latex/amsmath/amstext.sty
Package: amstext 2000/06/29 v2.01 AMS text

(/usr/local/texlive/2016/texmf-dist/tex/latex/amsmath/amsgen.sty
File: amsgen.sty 1999/11/30 v2.0 generic functions
\@emptytoks=\toks20
\ex@=\dimen108
))
(/usr/local/texlive/2016/texmf-dist/tex/latex/amsmath/amsbsy.sty
Package: amsbsy 1999/11/29 v1.2d Bold Symbols
\pmbraise@=\dimen109
)
(/usr/local/texlive/2016/texmf-dist/tex/latex/amsmath/amsopn.sty
Package: amsopn 2016/03/08 v2.02 operator names
)
\inf@bad=\count91
LaTeX Info: Redefining \frac on input line 199.
\uproot@=\count92
\leftroot@=\count93
LaTeX Info: Redefining \overline on input line 297.
\classnum@=\count94
\DOTSCASE@=\count95
LaTeX Info: Redefining \ldots on input line 394.
LaTeX Info: Redefining \dots on input line 397.
LaTeX Info: Redefining \cdots on input line 518.
\Mathstrutbox@=\box28
\strutbox@=\box29
\big@size=\dimen110
LaTeX Font Info:    Redeclaring font encoding OML on input line 634.
LaTeX Font Info:    Redeclaring font encoding OMS on input line 635.
\macc@depth=\count96
\c@MaxMatrixCols=\count97
\dotsspace@=\muskip10
\c@parentequation=\count98
\dspbrk@lvl=\count99
\tag@help=\toks21
\row@=\count100
\column@=\count101
\maxfields@=\count102
\andhelp@=\toks22
\eqnshift@=\dimen111
\alignsep@=\dimen112
\tagshift@=\dimen113
\tagwidth@=\dimen114
\totwidth@=\dimen115
\lineht@=\dimen116
\@envbody=\toks23
\multlinegap=\skip46
\multlinetaggap=\skip47
\mathdisplay@stack=\toks24
LaTeX Info: Redefining \[ on input line 2739.
LaTeX Info: Redefining \] on input line 2740.
)
(/usr/local/texlive/2016/texmf-dist/tex/latex/tools/verbatim.sty
Package: verbatim 2014/10/28 v1.5q LaTeX2e package for verbatim enhancements
\every@verbatim=\toks25
\verbatim@line=\toks26
\verbatim@in@stream=\read1
)
(/usr/local/texlive/2016/texmf-dist/tex/latex/tools/tabularx.sty
Package: tabularx 2016/02/03 v2.11 `tabularx' package (DPC)

(/usr/local/texlive/2016/texmf-dist/tex/latex/tools/array.sty
Package: array 2014/10/28 v2.4c Tabular extension package (FMi)
\col@sep=\dimen117
\extrarowheight=\dimen118
\NC@list=\toks27
\extratabsurround=\skip48
\backup@length=\skip49
)
\TX@col@width=\dimen119
\TX@old@table=\dimen120
\TX@old@col=\dimen121
\TX@target=\dimen122
\TX@delta=\dimen123
\TX@cols=\count103
\TX@ftn=\toks28
)
(/usr/local/texlive/2016/texmf-dist/tex/latex/tools/afterpage.sty
Package: afterpage 2014/10/28 v1.08 After-Page Package (DPC)
\AP@output=\toks29
\AP@partial=\box30
\AP@footins=\box31
)
(/usr/local/texlive/2016/texmf-dist/tex/latex/url/url.sty
\Urlmuskip=\muskip11
Package: url 2013/09/16  ver 3.4  Verb mode for urls, etc.
) (./noitemsep.sty)
(/usr/local/texlive/2016/texmf-dist/tex/latex/harvard/harvard.sty
Package: harvard 
)
(/usr/local/texlive/2016/texmf-dist/tex/latex/graphics/color.sty
Package: color 2016/05/09 v1.1c Standard LaTeX Color (DPC)

(/usr/local/texlive/2016/texmf-dist/tex/latex/graphics-cfg/color.cfg
File: color.cfg 2016/01/02 v1.6 sample color configuration
)
Package color Info: Driver file: pdftex.def on input line 144.
)
(/usr/local/texlive/2016/texmf-dist/tex/latex/multirow/multirow.sty
\bigstrutjot=\dimen124
)
(/usr/local/texlive/2016/texmf-dist/tex/latex/tools/longtable.sty
Package: longtable 2014/10/28 v4.11 Multi-page Table package (DPC)
\LTleft=\skip50
\LTright=\skip51
\LTpre=\skip52
\LTpost=\skip53
\LTchunksize=\count104
\LTcapwidth=\dimen125
\LT@head=\box32
\LT@firsthead=\box33
\LT@foot=\box34
\LT@lastfoot=\box35
\LT@cols=\count105
\LT@rows=\count106
\c@LT@tables=\count107
\c@LT@chunks=\count108
\LT@p@ftn=\toks30
)
(/usr/local/texlive/2016/texmf-dist/tex/latex/tools/multicol.sty
Package: multicol 2016/04/07 v1.8p multicolumn formatting (FMi)
\c@tracingmulticols=\count109
\mult@box=\box36
\multicol@leftmargin=\dimen126
\c@unbalance=\count110
\c@collectmore=\count111
\doublecol@number=\count112
\multicoltolerance=\count113
\multicolpretolerance=\count114
\full@width=\dimen127
\page@free=\dimen128
\premulticols=\dimen129
\postmulticols=\dimen130
\multicolsep=\skip54
\multicolbaselineskip=\skip55
\partial@page=\box37
\last@line=\box38
\maxbalancingoverflow=\dimen131
\mult@rightbox=\box39
\mult@grightbox=\box40
\mult@gfirstbox=\box41
\mult@firstbox=\box42
\@tempa=\box43
\@tempa=\box44
\@tempa=\box45
\@tempa=\box46
\@tempa=\box47
\@tempa=\box48
\@tempa=\box49
\@tempa=\box50
\@tempa=\box51
\@tempa=\box52
\@tempa=\box53
\@tempa=\box54
\@tempa=\box55
\@tempa=\box56
\@tempa=\box57
\@tempa=\box58
\@tempa=\box59
\c@columnbadness=\count115
\c@finalcolumnbadness=\count116
\last@try=\dimen132
\multicolovershoot=\dimen133
\multicolundershoot=\dimen134
\mult@nat@firstbox=\box60
\colbreak@box=\box61
\mc@col@check@num=\count117
)
(/usr/local/texlive/2016/texmf-dist/tex/latex/fancyhdr/fancyheadings.sty
Package: fancyheadings 2008/02/04 1.99 Dummy package to call fancyhdr


Package fancyheadings Warning: Please stop using fancyheadings!
(fancyheadings)                Use fancyhdr instead.
(fancyheadings)                We will call fancyhdr with the very same
(fancyheadings)                options you passed to fancyheadings.
(fancyheadings)                
(fancyheadings)                fancyhdr is 99 percent compatible with
(fancyheadings)                fancyheadings. The only incompatibility is
(fancyheadings)                that \headrulewidth and \footrulewidth and
(fancyheadings)                their \plain... versions are no longer length
(fancyheadings)                parameters, but normal macros (to be changed
(fancyheadings)                with \renewcommand rather than \setlength)..

(/usr/local/texlive/2016/texmf-dist/tex/latex/fancyhdr/fancyhdr.sty
\fancy@headwidth=\skip56
\f@ncyO@elh=\skip57
\f@ncyO@erh=\skip58
\f@ncyO@olh=\skip59
\f@ncyO@orh=\skip60
\f@ncyO@elf=\skip61
\f@ncyO@erf=\skip62
\f@ncyO@olf=\skip63
\f@ncyO@orf=\skip64
))
(/usr/local/texlive/2016/texmf-dist/tex/latex/listings/listings.sty
\lst@mode=\count118
\lst@gtempboxa=\box62
\lst@token=\toks31
\lst@length=\count119
\lst@currlwidth=\dimen135
\lst@column=\count120
\lst@pos=\count121
\lst@lostspace=\dimen136
\lst@width=\dimen137
\lst@newlines=\count122
\lst@lineno=\count123
\lst@maxwidth=\dimen138

(/usr/local/texlive/2016/texmf-dist/tex/latex/listings/lstmisc.sty
File: lstmisc.sty 2015/06/04 1.6 (Carsten Heinz)
\c@lstnumber=\count124
\lst@skipnumbers=\count125
\lst@framebox=\box63
)
(/usr/local/texlive/2016/texmf-dist/tex/latex/listings/listings.cfg
File: listings.cfg 2015/06/04 1.6 listings configuration
))
Package: listings 2015/06/04 1.6 (Carsten Heinz)

(./capitulos.sty
Package: capitulos 1997/10/06 Chapter headers a la Bjarne Stroustrup
)
(/usr/local/texlive/2016/texmf-dist/tex/latex/subfigure/subfigure.sty
Package: subfigure 2002/03/15 v2.1.5 subfigure package
\subfigtopskip=\skip65
\subfigcapskip=\skip66
\subfigcaptopadj=\dimen139
\subfigbottomskip=\skip67
\subfigcapmargin=\dimen140
\subfiglabelskip=\skip68
\c@subfigure=\count126
\c@lofdepth=\count127
\c@subtable=\count128
\c@lotdepth=\count129

****************************************
* Local config file subfigure.cfg used *
****************************************
(/usr/local/texlive/2016/texmf-dist/tex/latex/subfigure/subfigure.cfg)
\subfig@top=\skip69
\subfig@bottom=\skip70
)
(/usr/local/texlive/2016/texmf-dist/tex/latex/algorithms/algorithm.sty
Package: algorithm 2009/08/24 v0.1 Document Style `algorithm' - floating enviro
nment
\@float@every@algorithm=\toks32
\c@algorithm=\count130
)
(/usr/local/texlive/2016/texmf-dist/tex/latex/algorithmicx/algpseudocode.sty
Package: algpseudocode 

(/usr/local/texlive/2016/texmf-dist/tex/latex/algorithmicx/algorithmicx.sty
Package: algorithmicx 2005/04/27 v1.2 Algorithmicx

Document Style algorithmicx 1.2 - a greatly improved `algorithmic' style
\c@ALG@line=\count131
\c@ALG@rem=\count132
\c@ALG@nested=\count133
\ALG@tlm=\skip71
\ALG@thistlm=\skip72
\c@ALG@Lnr=\count134
\c@ALG@blocknr=\count135
\c@ALG@storecount=\count136
\c@ALG@tmpcounter=\count137
\ALG@tmplength=\skip73
)
Document Style - pseudocode environments for use with the `algorithmicx' style
) (/usr/local/texlive/2016/texmf-dist/tex/latex/xcolor/xcolor.sty
Package: xcolor 2016/05/11 v2.12 LaTeX color extensions (UK)

(/usr/local/texlive/2016/texmf-dist/tex/latex/graphics-cfg/color.cfg
File: color.cfg 2016/01/02 v1.6 sample color configuration
)
Package xcolor Info: Driver file: pdftex.def on input line 225.

(/usr/local/texlive/2016/texmf-dist/tex/latex/colortbl/colortbl.sty
Package: colortbl 2012/02/13 v1.0a Color table columns (DPC)
\everycr=\toks33
\minrowclearance=\skip74
)
LaTeX Info: Redefining \color on input line 709.
\rownum=\count138
Package xcolor Info: Model `cmy' substituted by `cmy0' on input line 1348.
Package xcolor Info: Model `hsb' substituted by `rgb' on input line 1352.
Package xcolor Info: Model `RGB' extended on input line 1364.
Package xcolor Info: Model `HTML' substituted by `rgb' on input line 1366.
Package xcolor Info: Model `Hsb' substituted by `hsb' on input line 1367.
Package xcolor Info: Model `tHsb' substituted by `hsb' on input line 1368.
Package xcolor Info: Model `HSB' substituted by `hsb' on input line 1369.
Package xcolor Info: Model `Gray' substituted by `gray' on input line 1370.
Package xcolor Info: Model `wave' substituted by `hsb' on input line 1371.
)
(/usr/local/texlive/2016/texmf-dist/tex/latex/calrsfs/calrsfs.sty
\symrsfscript=\mathgroup8
)
(./comandos.tex) (./principal.aux (./rosto.aux) (./preambulo.aux)
(./resumos.aux) (./introducao/introducao.aux) (./fundamentacao/simbolismo.aux)
(./fundamentacao/redeNeurais.aux) (./fundamentacao/integracao.aux)
(./metodologia/metodologia.aux) (./resultados/resultados.aux)
(./conclusao/conclusao.aux))
\openout1 = `principal.aux'.

LaTeX Font Info:    Checking defaults for OML/cmm/m/it on input line 192.
LaTeX Font Info:    ... okay on input line 192.
LaTeX Font Info:    Checking defaults for T1/cmr/m/n on input line 192.
LaTeX Font Info:    ... okay on input line 192.
LaTeX Font Info:    Checking defaults for OT1/cmr/m/n on input line 192.
LaTeX Font Info:    ... okay on input line 192.
LaTeX Font Info:    Checking defaults for OMS/pzccm/m/n on input line 192.
LaTeX Font Info:    Try loading font information for OMS+pzccm on input line 19
2.

(/usr/local/texlive/2016/texmf-dist/tex/latex/psnfss/omspzccm.fd
File: omspzccm.fd 2000/01/03 Fontinst v1.801 font definitions for OMS/pzccm.
)
LaTeX Font Info:    ... okay on input line 192.
LaTeX Font Info:    Checking defaults for OMX/cmex/m/n on input line 192.
LaTeX Font Info:    ... okay on input line 192.
LaTeX Font Info:    Checking defaults for U/cmr/m/n on input line 192.
LaTeX Font Info:    ... okay on input line 192.

(/usr/local/texlive/2016/texmf-dist/tex/context/base/mkii/supp-pdf.mkii
[Loading MPS to PDF converter (version 2006.09.02).]
\scratchcounter=\count139
\scratchdimen=\dimen141
\scratchbox=\box64
\nofMPsegments=\count140
\nofMParguments=\count141
\everyMPshowfont=\toks34
\MPscratchCnt=\count142
\MPscratchDim=\dimen142
\MPnumerator=\count143
\makeMPintoPDFobject=\count144
\everyMPtoPDFconversion=\toks35
) (/usr/local/texlive/2016/texmf-dist/tex/generic/oberdiek/pdftexcmds.sty
Package: pdftexcmds 2016/05/10 v0.21 Utility functions of pdfTeX for LuaTeX (HO
)

(/usr/local/texlive/2016/texmf-dist/tex/generic/oberdiek/ifluatex.sty
Package: ifluatex 2016/05/16 v1.4 Provides the ifluatex switch (HO)
Package ifluatex Info: LuaTeX not detected.
)
(/usr/local/texlive/2016/texmf-dist/tex/generic/oberdiek/ifpdf.sty
Package: ifpdf 2016/05/14 v3.1 Provides the ifpdf switch
)
Package pdftexcmds Info: LuaTeX not detected.
Package pdftexcmds Info: \pdf@primitive is available.
Package pdftexcmds Info: \pdf@ifprimitive is available.
Package pdftexcmds Info: \pdfdraftmode found.
)
(/usr/local/texlive/2016/texmf-dist/tex/latex/oberdiek/epstopdf-base.sty
Package: epstopdf-base 2016/05/15 v2.6 Base part for package epstopdf

(/usr/local/texlive/2016/texmf-dist/tex/latex/oberdiek/grfext.sty
Package: grfext 2016/05/16 v1.2 Manage graphics extensions (HO)

(/usr/local/texlive/2016/texmf-dist/tex/generic/oberdiek/kvdefinekeys.sty
Package: kvdefinekeys 2016/05/16 v1.4 Define keys (HO)
))
(/usr/local/texlive/2016/texmf-dist/tex/latex/oberdiek/kvoptions.sty
Package: kvoptions 2016/05/16 v3.12 Key value format for package options (HO)

(/usr/local/texlive/2016/texmf-dist/tex/generic/oberdiek/kvsetkeys.sty
Package: kvsetkeys 2016/05/16 v1.17 Key value parser (HO)

(/usr/local/texlive/2016/texmf-dist/tex/generic/oberdiek/etexcmds.sty
Package: etexcmds 2016/05/16 v1.6 Avoid name clashes with e-TeX commands (HO)
Package etexcmds Info: Could not find \expanded.
(etexcmds)             That can mean that you are not using pdfTeX 1.50 or
(etexcmds)             that some package has redefined \expanded.
(etexcmds)             In the latter case, load this package earlier.
)))
Package grfext Info: Graphics extension search list:
(grfext)             [.png,.pdf,.jpg,.mps,.jpeg,.jbig2,.jb2,.PNG,.PDF,.JPG,.JPE
G,.JBIG2,.JB2,.eps]
(grfext)             \AppendGraphicsExtensions on input line 456.

(/usr/local/texlive/2016/texmf-dist/tex/latex/latexconfig/epstopdf-sys.cfg
File: epstopdf-sys.cfg 2010/07/13 v1.3 Configuration of (r)epstopdf for TeX Liv
e
))
\c@lstlisting=\count145
\openout2 = `rosto.aux'.


(./rosto.tex (/usr/local/texlive/2016/texmf-dist/tex/latex/psnfss/ot1ptmcm.fd)
(/usr/local/texlive/2016/texmf-dist/tex/latex/psnfss/omlptmcm.fd)
(/usr/local/texlive/2016/texmf-dist/tex/latex/psnfss/omxpsycm.fd)
(/usr/local/texlive/2016/texmf-dist/tex/latex/amsfonts/umsa.fd)
(/usr/local/texlive/2016/texmf-dist/tex/latex/amsfonts/umsb.fd)
(/usr/local/texlive/2016/texmf-dist/tex/latex/calrsfs/OMSrsfs.fd)
<UFRN.pdf, id=1, 319.1925pt x 131.49126pt> <use UFRN.pdf>
<PPgEE.pdf, id=2, 256.96pt x 171.64125pt> <use PPgEE.pdf> <use UFRN.pdf>
<use PPgEE.pdf>
File: UFRN.pdf Graphic file (type pdf)
 <use UFRN.pdf>
Package pdftex.def Info: UFRN.pdf used on input line 27.
(pdftex.def)             Requested size: 99.58464pt x 41.02269pt.
File: PPgEE.pdf Graphic file (type pdf)
 <use PPgEE.pdf>
Package pdftex.def Info: PPgEE.pdf used on input line 27.
(pdftex.def)             Requested size: 71.13188pt x 47.51445pt.
LaTeX Font Info:    Font shape `T1/ptm/bx/n' in size <20.74> not available
(Font)              Font shape `T1/ptm/b/n' tried instead on input line 37.
LaTeX Font Info:    Font shape `T1/ptm/bx/n' in size <17.28> not available
(Font)              Font shape `T1/ptm/b/n' tried instead on input line 43.
LaTeX Font Info:    Font shape `T1/ptm/bx/n' in size <12> not available
(Font)              Font shape `T1/ptm/b/n' tried instead on input line 67.

Underfull \hbox (badness 1424) in paragraph at lines 67--67
\T1/ptm/m/n/12 grama de Pós-Graduação em En-ge-nha-ria
 []

LaTeX Font Info:    Font shape `OT1/ptm/bx/n' in size <12> not available
(Font)              Font shape `OT1/ptm/b/n' tried instead on input line 67.
LaTeX Font Info:    Font shape `OT1/ptm/bx/n' in size <9> not available
(Font)              Font shape `OT1/ptm/b/n' tried instead on input line 67.
LaTeX Font Info:    Font shape `OT1/ptm/bx/n' in size <7> not available
(Font)              Font shape `OT1/ptm/b/n' tried instead on input line 67.
[1



{/usr/local/texlive/2016/texmf-var/fonts/map/pdftex/updmap/pdftex.map} <./UFRN.
pdf> <./PPgEE.pdf>])
\openout2 = `preambulo.aux'.

 (./preambulo.tex [1



]
LaTeX Font Info:    Font shape `T1/ptm/bx/n' in size <24.88> not available
(Font)              Font shape `T1/ptm/b/n' tried instead on input line 114.
\@nomenclaturefile=\write3
\openout3 = `principal.nlo'.


Writing nomenclature file principal.nlo
) [1

]
\openout2 = `resumos.aux'.

 (./resumos.tex [2



]) [3

] (./principal.toc [1



])
\tf@toc=\write4
\openout4 = `principal.toc'.

 [2] (./principal.lof)
\tf@lof=\write5
\openout5 = `principal.lof'.


[3


] (./principal.lot)
\tf@lot=\write6
\openout6 = `principal.lot'.

 [4


]
\openout2 = `introducao/introducao.aux'.

 (./introducao/introducao.tex
Cap\'{\i }tulo 1.
[1




] [2] [3]) [4]
\openout2 = `fundamentacao/simbolismo.aux'.

 (./fundamentacao/simbolismo.tex
Cap\'{\i }tulo 2.
[5



]
LaTeX Font Info:    Font shape `T1/ptm/bx/n' in size <14.4> not available
(Font)              Font shape `T1/ptm/b/n' tried instead on input line 23.
 [6] <imagens/Script.png, id=69, 768.8725pt x 645.41125pt>
File: imagens/Script.png Graphic file (type png)

<use imagens/Script.png>
Package pdftex.def Info: imagens/Script.png used on input line 37.
(pdftex.def)             Requested size: 384.4353pt x 322.70483pt.
 [7 <./imagens/Script.png>]
<imagens/redeSemantica.png, id=75, 680.5425pt x 341.275pt>
File: imagens/redeSemantica.png Graphic file (type png)

<use imagens/redeSemantica.png>
Package pdftex.def Info: imagens/redeSemantica.png used on input line 50.
(pdftex.def)             Requested size: 340.27042pt x 170.63707pt.

<imagens/Frame.png, id=76, 768.8725pt x 211.79124pt>
File: imagens/Frame.png Graphic file (type png)
 <use imagens/Frame.png>
Package pdftex.def Info: imagens/Frame.png used on input line 60.
(pdftex.def)             Requested size: 384.4353pt x 105.89536pt.

[8 <./imagens/redeSemantica.png>]) [9 <./imagens/Frame.png>]
\openout2 = `fundamentacao/redeNeurais.aux'.


(./fundamentacao/redeNeurais.tex
<imagens/MLP.png, id=85, 783.67781pt x 412.54124pt>
File: imagens/MLP.png Graphic file (type png)
 <use imagens/MLP.png>
Package pdftex.def Info: imagens/MLP.png used on input line 20.
(pdftex.def)             Requested size: 391.83794pt x 206.27011pt.

[10


] <imagens/neuronioArtificial.png, id=90, 895.84688pt x 456.95718pt>
File: imagens/neuronioArtificial.png Graphic file (type png)

<use imagens/neuronioArtificial.png>
Package pdftex.def Info: imagens/neuronioArtificial.png used on input line 32.
(pdftex.def)             Requested size: 447.92235pt x 228.47803pt.

Overfull \hbox (21.13101pt too wide) in paragraph at lines 32--34
 [] 
 []

[11 <./imagens/MLP.png>] [12 <./imagens/neuronioArtificial.png>] [13]
LaTeX Font Info:    Font shape `OMS/ptm/m/n' in size <12> not available
(Font)              Font shape `OMS/pzccm/m/n' tried instead on input line 78.
 [14]
<imagens/rede_Sinal.png, id=108, 306.14375pt x 260.975pt>
File: imagens/rede_Sinal.png Graphic file (type png)

<use imagens/rede_Sinal.png>
Package pdftex.def Info: imagens/rede_Sinal.png used on input line 118.
(pdftex.def)             Requested size: 153.07149pt x 130.48718pt.
 [15] [16 <./imagens/rede_Sinal.png>]
LaTeX Font Info:    Font shape `T1/ptm/bx/it' in size <14.4> not available
(Font)              Font shape `T1/ptm/b/it' tried instead on input line 189.
 [17]
Overfull \hbox (1.99712pt too wide) in paragraph at lines 213--214
[]\T1/ptm/m/n/12 A fun-ção de ati-va-ção que des-creve a re-la-ção fun-ci-o-nal
 entrada-saída da não-linearidade
 []

[18] [19] <imagens/noImage.png, id=127, 803.0pt x 803.0pt>
File: imagens/noImage.png Graphic file (type png)

<use imagens/noImage.png>
Package pdftex.def Info: imagens/noImage.png used on input line 251.
(pdftex.def)             Requested size: 401.49902pt x 401.49902pt.
 [20 <./imagens/noImage.png>]) [21] [22]
\openout2 = `fundamentacao/integracao.aux'.


(./fundamentacao/integracao.tex [23


]
Overfull \hbox (16.95503pt too wide) in paragraph at lines 13--13
[]\T1/ptm/b/n/17.28 Knowledge-based Ar-ti-fi-cial Neu-ral Networks (KBANN) 
 []

[24] [25]
Overfull \hbox (2.39342pt too wide) in paragraph at lines 53--54
[]\T1/ptm/b/n/12 Adicionando uni-da-des ocul-tas\T1/ptm/m/n/12 . Esse passo adi
-ci-ona uni-da-des ocul-tas a rede KBANN,
 []

[26] <imagens/algoritmoKbann.png, id=151, 853.1875pt x 650.43pt>
File: imagens/algoritmoKbann.png Graphic file (type png)

<use imagens/algoritmoKbann.png>
Package pdftex.def Info: imagens/algoritmoKbann.png used on input line 68.
(pdftex.def)             Requested size: 426.59271pt x 325.2142pt.
 [27 <./imagens/algoritmoKbann.png>] [28]
<imagens/topGenNos.png, id=160, 662.475pt x 438.63875pt>
File: imagens/topGenNos.png Graphic file (type png)

<use imagens/topGenNos.png>
Package pdftex.def Info: imagens/topGenNos.png used on input line 103.
(pdftex.def)             Requested size: 331.2367pt x 219.31883pt.
) [29 <./imagens/topGenNos.png>] [30]
\openout2 = `metodologia/metodologia.aux'.


(./metodologia/metodologia.tex
Cap\'{\i }tulo 3.
) [31



]
\openout2 = `resultados/resultados.aux'.

 (./resultados/resultados.tex
Cap\'{\i }tulo 4.
) [32



]
\openout2 = `conclusao/conclusao.aux'.

 (./conclusao/conclusao.tex
Cap\'{\i }tulo 5.
) [33



] (./principal.aux (./rosto.aux) (./preambulo.aux) (./resumos.aux)
(./introducao/introducao.aux) (./fundamentacao/simbolismo.aux)
(./fundamentacao/redeNeurais.aux) (./fundamentacao/integracao.aux)
(./metodologia/metodologia.aux) (./resultados/resultados.aux)
(./conclusao/conclusao.aux)) ) 
Here is how much of TeX's memory you used:
 7107 strings out of 493014
 96801 string characters out of 6133351
 184139 words of memory out of 5000000
 10322 multiletter control sequences out of 15000+600000
 74634 words of font info for 113 fonts, out of 8000000 for 9000
 1141 hyphenation exceptions out of 8191
 41i,13n,45p,1780b,418s stack positions out of 5000i,500n,10000p,200000b,80000s
{/usr/local/texlive/2016/texmf-dist/fonts/enc/dvi
ps/base/8r.enc}</usr/local/texlive/2016/texmf-dist/fonts/type1/public/amsfonts/
cm/cmmi10.pfb></usr/local/texlive/2016/texmf-dist/fonts/type1/public/amsfonts/c
m/cmr10.pfb></usr/local/texlive/2016/texmf-dist/fonts/type1/public/amsfonts/cm/
cmsy10.pfb></usr/local/texlive/2016/texmf-dist/fonts/type1/urw/helvetic/uhvr8a.
pfb></usr/local/texlive/2016/texmf-dist/fonts/type1/urw/symbol/usyr.pfb></usr/l
ocal/texlive/2016/texmf-dist/fonts/type1/urw/times/utmb8a.pfb></usr/local/texli
ve/2016/texmf-dist/fonts/type1/urw/times/utmbi8a.pfb></usr/local/texlive/2016/t
exmf-dist/fonts/type1/urw/times/utmr8a.pfb></usr/local/texlive/2016/texmf-dist/
fonts/type1/urw/times/utmr8a.pfb></usr/local/texlive/2016/texmf-dist/fonts/type
1/urw/times/utmri8a.pfb>
Output written on principal.pdf (42 pages, 874796 bytes).
PDF statistics:
 214 PDF objects out of 1000 (max. 8388607)
 137 compressed objects within 2 object streams
 0 named destinations out of 1000 (max. 500000)
 56 words of extra memory for PDF output out of 10000 (max. 10000000)

